20.11.07
finans/regnskab.php
linje 176
< $ultimo[$x]=$ultimo[$x]+$primo[$x];

> if ($kontotype[$x]=='Z') $ultimo[$x]=$ultimo[$x]+$primo[$x];
**************************************************************
21.11.07
finans/kassekladde.php
linje 1345
< db_modify("insert into kassekladde (bilag, transdate, beskrivelse, d_type, debet, k_type, kredit, faktura, amount, momsfri, afd, kladde_id) values ('$r[bilag]', '$transdate', '$r[beskrivelse]', '$d_type', '$debet', '$k_type', '$kredit', '$r[faktura]', '$amount', '$momsfri', '$afd', '$kladde_id')");

> $beskrivelse=addslashes($r[beskrivelse]);
> db_modify("insert into kassekladde (bilag, transdate, beskrivelse, d_type, debet, k_type, kredit, faktura, amount, momsfri, afd, kladde_id) values ('$r[bilag]', '$transdate', '$beskrivelse', '$d_type', '$debet', '$k_type', '$kredit', '$r[faktura]', '$amount', '$momsfri', '$afd', '$kladde_id')");
**************************************************************
27.11.07
kreditor/ordre.php
linje 197
< $beskrivelse[$x]=trim($_POST[$y]);

> $beskrivelse[$x]=addslashes(trim($_POST[$y]);
**************************************************************
30.11.07
debitor/ordre.php
linje 802 (Havde ikke været nødvendig med en ordentlig variabeldefinition :(
> $kostpris[$x]=$kostpris[$x]*1;

linje 1106&07
< while($row = db_fetch_array($query)) $tidl_lev[$x]=$tidl_lev[$x]+$row[antal];
< if ($antal[$x]>$tidl_lev[$x]+$leveres[$x]) $leveres[$x]=$antal[$x]-$tidl_lev[$x];

> while($row = db_fetch_array($query)) $tidl_lev[$x]=$tidl_lev[$x]-$row[antal];
> if ($antal[$x]>$tidl_lev[$x]+$leveres[$x]) $leveres[$x]=$antal[$x]+$tidl_lev[$x];
04.12.07
includes/db_query.php
udkomenteret læsninger fra db så de ikke skrives til log (Performance)
Rettet "#" til "--" for kommentarer i loggen, da der eller skal køres søg/erstat inden genindspilning kan foretages

28.12.07
finans/kassekladde.php
Problem hvis debet eller kredit ikke har nogen værdi.
linje 1399
< db_modify("insert into kassekladde (bilag, transdate, beskrivelse, d_type, debet, k_type, kredit, faktura, amount, momsfri, afd, kladde_id) values ($row[bilag]+$b_diff, '$row[transdate]', '$beskrivelse', '$row[d_type]', '$row[debet]', '$row[k_type]', '$row[kredit]', '$faktura', '$row[amount]', '$row[momsfri]', '$row[afd]', '$ny_kladde_id')");
> $bilag=$row['bilag']+$b_diff;
> $debet=$row['debet']*1;
> $kredit=$row['kredit']*1;
> db_modify("insert into kassekladde (bilag, transdate, beskrivelse, d_type, debet, k_type, kredit, faktura, amount, momsfri, afd, kladde_id) values ('$bilag', '$row[transdate]', '$beskrivelse', '$row[d_type]', '$debet', '$row[k_type]', '$kredit', '$faktura', '$row[amount]', '$row[momsfri]', '$row[afd]', '$ny_kladde_id')");

